<?xml version="1.0" encoding="utf-8"?><testsuites name="pytest tests"><testsuite name="pytest" errors="0" failures="0" skipped="1" tests="31" time="55.537" timestamp="2026-03-10T13:07:45.218817+00:00" hostname="agent-env-aeb5bda9-c821-4f89-82bd-44985cca4ddd"><testcase classname="backend.tests.test_greeters_iteration13.TestAdminAuthentication" name="test_login_returns_session_cookie" time="0.525" /><testcase classname="backend.tests.test_greeters_iteration13.TestImageUpload" name="test_image_upload_requires_auth" time="0.011" /><testcase classname="backend.tests.test_greeters_iteration13.TestImageUpload" name="test_image_upload_with_auth" time="5.262" /><testcase classname="backend.tests.test_greeters_iteration13.TestImageUpload" name="test_image_upload_rejects_non_image" time="0.326" /><testcase classname="backend.tests.test_greeters_iteration13.TestSeoAutoSync" name="test_seo_auto_sync_requires_auth" time="0.012" /><testcase classname="backend.tests.test_greeters_iteration13.TestSeoAutoSync" name="test_seo_auto_sync_with_auth" time="0.520"><skipped type="pytest.skip" message="SEO auto-sync already executed in previous iterations (processed=10) - skipping due to long AI wait times">/app/backend/tests/test_greeters_iteration13.py:141: SEO auto-sync already executed in previous iterations (processed=10) - skipping due to long AI wait times</skipped></testcase><testcase classname="backend.tests.test_greeters_iteration13.TestAiSeoOptimizer" name="test_ai_seo_optimizer_requires_auth" time="0.008" /><testcase classname="backend.tests.test_greeters_iteration13.TestAiSeoOptimizer" name="test_ai_seo_optimizer_with_auth" time="6.365" /><testcase classname="backend.tests.test_greeters_iteration13.TestPublicRoutes" name="test_public_route_accessible[/-public-home-page]" time="1.154" /><testcase classname="backend.tests.test_greeters_iteration13.TestPublicRoutes" name="test_public_route_accessible[/contact-contact-public-page]" time="0.370" /><testcase classname="backend.tests.test_greeters_iteration13.TestPublicRoutes" name="test_public_route_accessible[/actualites-None]" time="0.381" /><testcase classname="backend.tests.test_greeters_iteration13.TestPublicRoutes" name="test_public_route_accessible[/galerie-None]" time="0.364" /><testcase classname="backend.tests.test_greeters_iteration13.TestPublicRoutes" name="test_public_route_accessible[/livre-dor-None]" time="0.369" /><testcase classname="backend.tests.test_greeters_iteration13.TestPublicRoutes" name="test_public_route_accessible[/qui-sommes-nous-None]" time="0.267" /><testcase classname="backend.tests.test_greeters_iteration13.TestPublicRoutes" name="test_public_route_accessible[/faire-un-don-None]" time="0.270" /><testcase classname="backend.tests.test_greeters_iteration13.TestPublicRoutes" name="test_public_route_accessible[/devenez-benevole-None]" time="0.364" /><testcase classname="backend.tests.test_greeters_iteration13.TestPublicRoutes" name="test_public_route_accessible[/presse-None]" time="0.270" /><testcase classname="backend.tests.test_greeters_iteration13.TestPublicRoutes" name="test_public_route_accessible[/mentions-legales-None]" time="0.259" /><testcase classname="backend.tests.test_greeters_iteration13.TestSitemapXml" name="test_sitemap_returns_xml" time="0.217" /><testcase classname="backend.tests.test_greeters_iteration13.TestSitemapXml" name="test_sitemap_contains_changefreq" time="0.216" /><testcase classname="backend.tests.test_greeters_iteration13.TestSitemapXml" name="test_sitemap_contains_priority" time="0.113" /><testcase classname="backend.tests.test_greeters_iteration13.TestSitemapXml" name="test_sitemap_excludes_noindex_pages" time="0.114" /><testcase classname="backend.tests.test_greeters_iteration13.TestContactEmailit" name="test_contact_api_rejects_empty_payload" time="0.005" /><testcase classname="backend.tests.test_greeters_iteration13.TestContactEmailit" name="test_contact_api_rejects_invalid_email" time="0.009" /><testcase classname="backend.tests.test_greeters_iteration13.TestContactEmailit" name="test_contact_api_works_with_valid_data" time="0.447" /><testcase classname="backend.tests.test_greeters_iteration13.TestAdminProtection" name="test_admin_pages_redirects_to_login" time="0.005" /><testcase classname="backend.tests.test_greeters_iteration13.TestAdminProtection" name="test_api_menu_requires_auth" time="0.006" /><testcase classname="backend.tests.test_greeters_iteration13.TestHomePageCmsContent" name="test_home_page_has_structured_data" time="0.373" /><testcase classname="backend.tests.test_greeters_iteration13.TestHomePageCmsContent" name="test_home_page_has_og_metadata" time="0.274" /><testcase classname="backend.tests.test_greeters_iteration13.TestHomePageCmsContent" name="test_home_page_loads_cms_sections" time="0.271" /><testcase classname="backend.tests.test_greeters_iteration13.TestPageCreationSeoAutomation" name="test_create_page_returns_seo_fields" time="36.323" /></testsuite></testsuites>