<?xml version="1.0" encoding="utf-8"?><testsuites name="pytest tests"><testsuite name="pytest" errors="0" failures="0" skipped="0" tests="34" time="17.443" timestamp="2026-03-10T11:01:37.552151+00:00" hostname="agent-env-aeb5bda9-c821-4f89-82bd-44985cca4ddd"><testcase classname="backend.tests.test_greeters_iteration12.TestAdminProtection" name="test_admin_pages_redirect_without_session" time="0.008" /><testcase classname="backend.tests.test_greeters_iteration12.TestAdminProtection" name="test_admin_pages_new_redirect_without_session" time="0.006" /><testcase classname="backend.tests.test_greeters_iteration12.TestAdminProtection" name="test_api_menu_returns_401_without_session" time="0.007" /><testcase classname="backend.tests.test_greeters_iteration12.TestAdminProtection" name="test_api_seo_optimizer_returns_401_without_session" time="0.007" /><testcase classname="backend.tests.test_greeters_iteration12.TestSitemapXml" name="test_sitemap_returns_valid_xml" time="0.991" /><testcase classname="backend.tests.test_greeters_iteration12.TestSitemapXml" name="test_sitemap_contains_changefreq" time="0.218" /><testcase classname="backend.tests.test_greeters_iteration12.TestSitemapXml" name="test_sitemap_contains_priority" time="0.115" /><testcase classname="backend.tests.test_greeters_iteration12.TestSitemapXml" name="test_sitemap_homepage_has_priority_1" time="0.113" /><testcase classname="backend.tests.test_greeters_iteration12.TestSitemapXml" name="test_sitemap_uses_correct_host" time="0.113" /><testcase classname="backend.tests.test_greeters_iteration12.TestSitemapXml" name="test_sitemap_no_noindex_pages" time="0.113" /><testcase classname="backend.tests.test_greeters_iteration12.TestPublicRoutesJsonLd" name="test_public_route_returns_200[/-public-home-page]" time="0.939" /><testcase classname="backend.tests.test_greeters_iteration12.TestPublicRoutesJsonLd" name="test_public_route_returns_200[/contact-contact-public-page]" time="0.369" /><testcase classname="backend.tests.test_greeters_iteration12.TestPublicRoutesJsonLd" name="test_public_route_returns_200[/actualites-actualites-public-page]" time="0.377" /><testcase classname="backend.tests.test_greeters_iteration12.TestPublicRoutesJsonLd" name="test_public_route_returns_200[/galerie-galerie-public-page]" time="0.476" /><testcase classname="backend.tests.test_greeters_iteration12.TestPublicRoutesJsonLd" name="test_public_route_returns_200[/livre-dor-livre-dor-public-page]" time="0.479" /><testcase classname="backend.tests.test_greeters_iteration12.TestPublicRoutesJsonLd" name="test_public_route_returns_200[/qui-sommes-nous-qui-sommes-nous-public-page]" time="0.261" /><testcase classname="backend.tests.test_greeters_iteration12.TestPublicRoutesJsonLd" name="test_public_route_has_json_ld[/]" time="0.325" /><testcase classname="backend.tests.test_greeters_iteration12.TestPublicRoutesJsonLd" name="test_public_route_has_json_ld[/contact]" time="0.375" /><testcase classname="backend.tests.test_greeters_iteration12.TestPublicRoutesJsonLd" name="test_public_route_has_json_ld[/actualites]" time="0.381" /><testcase classname="backend.tests.test_greeters_iteration12.TestPublicRoutesJsonLd" name="test_public_route_has_json_ld[/galerie]" time="0.367" /><testcase classname="backend.tests.test_greeters_iteration12.TestPublicRoutesJsonLd" name="test_public_route_has_json_ld[/livre-dor]" time="0.362" /><testcase classname="backend.tests.test_greeters_iteration12.TestPublicRoutesJsonLd" name="test_public_route_has_json_ld[/qui-sommes-nous]" time="0.258" /><testcase classname="backend.tests.test_greeters_iteration12.TestHomePageCmsContent" name="test_home_page_loads" time="0.268" /><testcase classname="backend.tests.test_greeters_iteration12.TestHomePageCmsContent" name="test_home_page_has_testid" time="0.277" /><testcase classname="backend.tests.test_greeters_iteration12.TestContactEmailit" name="test_contact_api_rejects_empty_payload" time="0.130" /><testcase classname="backend.tests.test_greeters_iteration12.TestContactEmailit" name="test_contact_api_rejects_invalid_email" time="0.007" /><testcase classname="backend.tests.test_greeters_iteration12.TestContactEmailit" name="test_contact_api_validates_required_fields" time="0.005" /><testcase classname="backend.tests.test_greeters_iteration12.TestAdminPageEditor" name="test_admin_login_works" time="0.605" /><testcase classname="backend.tests.test_greeters_iteration12.TestAdminPageEditor" name="test_api_pages_list_requires_auth" time="0.007" /><testcase classname="backend.tests.test_greeters_iteration12.TestAdminPageEditor" name="test_api_pages_list_works_with_auth" time="1.117" /><testcase classname="backend.tests.test_greeters_iteration12.TestAdminPageEditor" name="test_api_seo_optimizer_works_with_auth" time="6.437" /><testcase classname="backend.tests.test_greeters_iteration12.TestAdminPageEditor" name="test_api_page_get_single" time="1.581" /><testcase classname="backend.tests.test_greeters_iteration12.TestSitemapLocalization" name="test_sitemap_default_locale_fr" time="0.130" /><testcase classname="backend.tests.test_greeters_iteration12.TestSitemapLocalization" name="test_sitemap_en_locale_with_host" time="0.120" /></testsuite></testsuites>