<?xml version="1.0" encoding="utf-8"?><testsuites name="pytest tests"><testsuite name="pytest" errors="0" failures="0" skipped="0" tests="3" time="10.090" timestamp="2026-03-13T21:13:30.024638+00:00" hostname="agent-env-57e9b82d-7c43-4137-a6fc-d4a5300260f1"><testcase classname="backend.tests.test_admin_users_documents_module_ssr" name="test_admin_shell_dashboard_and_chatbot_page_load" time="1.813" /><testcase classname="backend.tests.test_admin_users_documents_module_ssr" name="test_admin_users_crud" time="4.336" /><testcase classname="backend.tests.test_admin_users_documents_module_ssr" name="test_admin_documents_crud_with_multipart_upload" time="3.873" /></testsuite></testsuites>