<?xml version="1.0" encoding="utf-8"?><testsuites name="pytest tests"><testsuite name="pytest" errors="0" failures="0" skipped="0" tests="18" time="4.367" timestamp="2026-03-10T07:48:28.534111+00:00" hostname="agent-env-aeb5bda9-c821-4f89-82bd-44985cca4ddd"><testcase classname="backend.tests.test_greeters_iteration10.TestContactAPI" name="test_contact_valid_submission" time="0.386" /><testcase classname="backend.tests.test_greeters_iteration10.TestContactAPI" name="test_contact_validation_missing_fields" time="0.006" /><testcase classname="backend.tests.test_greeters_iteration10.TestContactAPI" name="test_contact_validation_invalid_email" time="0.005" /><testcase classname="backend.tests.test_greeters_iteration10.TestContactAPI" name="test_contact_validation_empty_body" time="0.005" /><testcase classname="backend.tests.test_greeters_iteration10.TestPublicRoutes" name="test_public_route_accessible[/contact]" time="0.358" /><testcase classname="backend.tests.test_greeters_iteration10.TestPublicRoutes" name="test_public_route_accessible[/qui-sommes-nous]" time="0.358" /><testcase classname="backend.tests.test_greeters_iteration10.TestPublicRoutes" name="test_public_route_accessible[/actualites]" time="0.366" /><testcase classname="backend.tests.test_greeters_iteration10.TestPublicRoutes" name="test_public_route_accessible[/galerie]" time="0.358" /><testcase classname="backend.tests.test_greeters_iteration10.TestPublicRoutes" name="test_public_route_accessible[/livre-dor]" time="0.356" /><testcase classname="backend.tests.test_greeters_iteration10.TestPublicRoutes" name="test_public_route_accessible[/faire-un-don]" time="0.358" /><testcase classname="backend.tests.test_greeters_iteration10.TestPublicRoutes" name="test_public_route_accessible[/devenez-benevole]" time="0.357" /><testcase classname="backend.tests.test_greeters_iteration10.TestPublicRoutes" name="test_public_route_accessible[/presse]" time="0.353" /><testcase classname="backend.tests.test_greeters_iteration10.TestPublicRoutes" name="test_public_route_accessible[/mentions-legales]" time="0.353" /><testcase classname="backend.tests.test_greeters_iteration10.TestAdminRoutes" name="test_pages_api_requires_auth" time="0.007" /><testcase classname="backend.tests.test_greeters_iteration10.TestAdminRoutes" name="test_menu_api_accessible" time="0.216" /><testcase classname="backend.tests.test_greeters_iteration10.TestAdminRoutes" name="test_sitemap_accessible" time="0.111" /><testcase classname="backend.tests.test_greeters_iteration10.TestAdminRoutes" name="test_ai_page_generator_api_requires_auth" time="0.006" /><testcase classname="backend.tests.test_greeters_iteration10.TestCMSPageOverrideLogic" name="test_contact_page_structure" time="0.353" /></testsuite></testsuites>