<?xml version="1.0" encoding="utf-8"?><testsuites name="pytest tests"><testsuite name="pytest" errors="0" failures="0" skipped="0" tests="15" time="11.153" timestamp="2026-03-09T13:46:59.956966+00:00" hostname="agent-env-03ba49c9-1f7a-4790-9d2c-72906437e8a9"><testcase classname="backend.tests.test_greeters_auth_flow" name="test_me_returns_401_when_unauthenticated" time="0.005" /><testcase classname="backend.tests.test_greeters_auth_flow" name="test_login_rejects_invalid_credentials" time="1.069" /><testcase classname="backend.tests.test_greeters_auth_flow" name="test_login_accepts_valid_seeded_admin_and_sets_cookie" time="0.514" /><testcase classname="backend.tests.test_greeters_auth_flow" name="test_me_returns_current_user_when_authenticated" time="0.837" /><testcase classname="backend.tests.test_greeters_auth_flow" name="test_admin_route_protected_and_accessible_after_login" time="0.524" /><testcase classname="backend.tests.test_greeters_auth_flow" name="test_logout_clears_session_and_me_returns_401" time="0.844" /><testcase classname="backend.tests.test_greeters_live_pages_flow" name="test_admin_login_and_me_live_credentials" time="0.844" /><testcase classname="backend.tests.test_greeters_live_pages_flow" name="test_authenticated_access_to_admin_pages" time="0.522" /><testcase classname="backend.tests.test_greeters_live_pages_flow" name="test_create_edit_publish_and_public_visibility" time="5.469" /><testcase classname="backend.tests.test_public_shell_routes" name="test_health_endpoint_returns_ok_payload" time="0.003" /><testcase classname="backend.tests.test_public_shell_routes" name="test_pages_endpoint_requires_authentication" time="0.002" /><testcase classname="backend.tests.test_public_shell_routes" name="test_public_home_page_renders_shell_structure" time="0.219" /><testcase classname="backend.tests.test_public_shell_routes" name="test_galerie_placeholder_route_renders_public_placeholder" time="0.219" /><testcase classname="backend.tests.test_public_shell_routes" name="test_admin_login_route_renders_login_form" time="0.009" /><testcase classname="backend.tests.test_public_shell_routes" name="test_admin_new_page_route_redirects_to_login_without_session" time="0.003" /></testsuite></testsuites>