<?xml version="1.0" encoding="utf-8"?><testsuites name="pytest tests"><testsuite name="pytest" errors="0" failures="0" skipped="0" tests="6" time="21.523" timestamp="2026-03-13T15:48:08.060431+00:00" hostname="agent-env-57e9b82d-7c43-4137-a6fc-d4a5300260f1"><testcase classname="backend.tests.test_chatbot_admin_module_ssr" name="test_admin_chatbot_settings_get_returns_bundle" time="2.036" /><testcase classname="backend.tests.test_chatbot_admin_module_ssr" name="test_admin_chatbot_settings_put_saves_draft" time="2.347" /><testcase classname="backend.tests.test_chatbot_admin_module_ssr" name="test_admin_chatbot_conversations_and_detail_and_generate_reply" time="4.467" /><testcase classname="backend.tests.test_chatbot_admin_module_ssr" name="test_admin_chatbot_feedback_create_list_delete" time="3.593" /><testcase classname="backend.tests.test_chatbot_admin_module_ssr" name="test_admin_chatbot_improvements_synthesize_list_deactivate" time="6.053" /><testcase classname="backend.tests.test_chatbot_admin_module_ssr" name="test_public_chat_persists_history_and_visitor_memory_path" time="2.977" /></testsuite></testsuites>