<?xml version="1.0" encoding="utf-8"?><testsuites name="pytest tests"><testsuite name="pytest" errors="0" failures="0" skipped="0" tests="23" time="4.836" timestamp="2026-03-10T09:34:28.494348+00:00" hostname="agent-env-aeb5bda9-c821-4f89-82bd-44985cca4ddd"><testcase classname="backend.tests.test_greeters_iteration11.TestContactApiEmailit" name="test_contact_send_valid_payload" time="0.446" /><testcase classname="backend.tests.test_greeters_iteration11.TestContactApiEmailit" name="test_contact_send_missing_fields" time="0.008" /><testcase classname="backend.tests.test_greeters_iteration11.TestContactApiEmailit" name="test_contact_send_invalid_email" time="0.007" /><testcase classname="backend.tests.test_greeters_iteration11.TestSitemapLocales" name="test_sitemap_fr_locale" time="0.881" /><testcase classname="backend.tests.test_greeters_iteration11.TestSitemapLocales" name="test_sitemap_en_locale_via_host" time="0.118" /><testcase classname="backend.tests.test_greeters_iteration11.TestSitemapLocales" name="test_sitemap_de_locale_via_host" time="0.122" /><testcase classname="backend.tests.test_greeters_iteration11.TestPublicPagesLocalization" name="test_fr_locale_chrome" time="0.923" /><testcase classname="backend.tests.test_greeters_iteration11.TestPublicPagesLocalization" name="test_en_locale_chrome" time="0.272" /><testcase classname="backend.tests.test_greeters_iteration11.TestPublicPagesLocalization" name="test_de_locale_chrome" time="0.272" /><testcase classname="backend.tests.test_greeters_iteration11.TestAdminRoutesAccessibility" name="test_admin_redirect_to_login" time="0.005" /><testcase classname="backend.tests.test_greeters_iteration11.TestAdminRoutesAccessibility" name="test_admin_pages_redirect_to_login" time="0.004" /><testcase classname="backend.tests.test_greeters_iteration11.TestAdminRoutesAccessibility" name="test_admin_menu_redirect_to_login" time="0.004" /><testcase classname="backend.tests.test_greeters_iteration11.TestAdminRoutesAccessibility" name="test_admin_pending_redirect_to_login" time="0.004" /><testcase classname="backend.tests.test_greeters_iteration11.TestAdminRoutesAccessibility" name="test_admin_ai_pages_redirect_to_login" time="0.010" /><testcase classname="backend.tests.test_greeters_iteration11.TestAdminRoutesAccessibility" name="test_admin_login_page_loads" time="0.036" /><testcase classname="backend.tests.test_greeters_iteration11.TestPublicPages" name="test_home_page" time="0.267" /><testcase classname="backend.tests.test_greeters_iteration11.TestPublicPages" name="test_contact_page" time="0.256" /><testcase classname="backend.tests.test_greeters_iteration11.TestPublicPages" name="test_livre_dor_page" time="0.253" /><testcase classname="backend.tests.test_greeters_iteration11.TestPublicPages" name="test_faire_un_don_page" time="0.149" /><testcase classname="backend.tests.test_greeters_iteration11.TestPublicPages" name="test_galerie_page" time="0.262" /><testcase classname="backend.tests.test_greeters_iteration11.TestPublicPages" name="test_actualites_page" time="0.317" /><testcase classname="backend.tests.test_greeters_iteration11.TestPublicPages" name="test_devenez_benevole_page" time="0.143" /><testcase classname="backend.tests.test_greeters_iteration11.TestBootstrapApiAuth" name="test_bootstrap_requires_auth" time="0.007" /></testsuite></testsuites>