<?xml version="1.0" encoding="utf-8"?><testsuites name="pytest tests"><testsuite name="pytest" errors="0" failures="0" skipped="0" tests="6" time="12.157" timestamp="2026-03-13T17:11:56.291752+00:00" hostname="agent-env-57e9b82d-7c43-4137-a6fc-d4a5300260f1"><testcase classname="backend.tests.test_admin_shell_and_chatbot_comparator_regression" name="test_admin_auth_me_returns_expected_profile" time="1.893" /><testcase classname="backend.tests.test_admin_shell_and_chatbot_comparator_regression" name="test_admin_login_endpoint_stability_over_multiple_attempts" time="3.049" /><testcase classname="backend.tests.test_admin_shell_and_chatbot_comparator_regression" name="test_admin_chatbot_conversations_include_seeded_session" time="2.062" /><testcase classname="backend.tests.test_admin_shell_and_chatbot_comparator_regression" name="test_admin_chatbot_generate_reply_from_user_message_returns_content" time="2.756" /><testcase classname="backend.tests.test_admin_shell_and_chatbot_comparator_regression" name="test_admin_users_page_renders_with_authenticated_session" time="1.529" /><testcase classname="backend.tests.test_admin_shell_and_chatbot_comparator_regression" name="test_admin_documents_page_renders_with_authenticated_session" time="0.804" /></testsuite></testsuites>