<?xml version="1.0" encoding="utf-8"?><testsuites name="pytest tests"><testsuite name="pytest" errors="0" failures="0" skipped="0" tests="6" time="7.604" timestamp="2026-03-16T10:53:22.899404+00:00" hostname="agent-env-442be3b0-95e5-43e0-a16b-6ba6f4a60d82"><testcase classname="backend.tests.test_admin_merge_1503_regression" name="test_core_health_endpoint" time="0.241" /><testcase classname="backend.tests.test_admin_merge_1503_regression" name="test_core_public_pages_endpoint" time="1.193" /><testcase classname="backend.tests.test_admin_merge_1503_regression" name="test_chat_message_then_session_endpoint" time="1.833" /><testcase classname="backend.tests.test_admin_merge_1503_regression" name="test_admin_users_endpoint_authenticated" time="1.135" /><testcase classname="backend.tests.test_admin_merge_1503_regression" name="test_admin_documents_endpoint_authenticated" time="1.137" /><testcase classname="backend.tests.test_admin_merge_1503_regression" name="test_admin_chatbot_settings_endpoint_authenticated" time="1.999" /></testsuite></testsuites>