<?xml version="1.0" encoding="utf-8"?><testsuites name="pytest tests"><testsuite name="pytest" errors="0" failures="0" skipped="0" tests="8" time="61.067" timestamp="2026-03-12T09:50:32.884382+00:00" hostname="agent-env-ba937056-edc5-4a3b-80f5-d654843966f9"><testcase classname="tests.test_chat_api.TestHealthEndpoints" name="test_api_root_accessible" time="0.176" /><testcase classname="tests.test_chat_api.TestChatAPI" name="test_chat_message_basic_request" time="10.342" /><testcase classname="tests.test_chat_api.TestChatAPI" name="test_chat_message_vouvoiement_in_french" time="8.523" /><testcase classname="tests.test_chat_api.TestChatAPI" name="test_chat_message_english_response" time="10.890" /><testcase classname="tests.test_chat_api.TestChatAPI" name="test_chat_message_relevant_content" time="5.834" /><testcase classname="tests.test_chat_api.TestChatAPI" name="test_chat_message_markdown_formatting" time="6.800" /><testcase classname="tests.test_chat_api.TestChatAPI" name="test_chat_message_invalid_payload" time="0.160" /><testcase classname="tests.test_chat_api.TestChatAPI" name="test_chat_message_different_languages" time="18.223" /></testsuite></testsuites>