<?xml version="1.0" encoding="utf-8"?><testsuites name="pytest tests"><testsuite name="pytest" errors="0" failures="0" skipped="0" tests="5" time="1.831" timestamp="2026-03-13T08:00:45.077868+00:00" hostname="agent-env-57e9b82d-7c43-4137-a6fc-d4a5300260f1"><testcase classname="backend.tests.test_contact_email_templates" name="test_contact_builder_exports_execute_without_runtime_error" time="0.398" /><testcase classname="backend.tests.test_contact_email_templates" name="test_admin_and_author_templates_are_differentiated" time="0.349" /><testcase classname="backend.tests.test_contact_email_templates" name="test_admin_template_contains_contact_details_subject_and_full_message" time="0.355" /><testcase classname="backend.tests.test_contact_email_templates" name="test_author_template_contains_warm_confirmation_and_message_copy" time="0.359" /><testcase classname="backend.tests.test_contact_email_templates" name="test_branding_shell_and_signature_are_consistent_with_site_style" time="0.348" /></testsuite></testsuites>